<?xml version="1.0" encoding="UTF-8"?>
<!-- Generated by org.testng.reporters.JUnitReportReporter -->
<testsuite hostname="MacPower.local" failures="0" tests="1" name="cucumberOptions.TestNGTestRunner" time="12.337" errors="0" timestamp="2025-04-26T07:04:23 MST" skipped="0">
  <testcase classname="cucumberOptions.TestNGTestRunner" name="runScenario" time="12.337"/>
</testsuite> <!-- cucumberOptions.TestNGTestRunner -->
